14:16:12 **** Incremental Build of configuration Debug for project PWM ****
make all 
Building target: PWM.elf
Invoking: MCU GCC Linker
arm-none-eabi-gcc -mcpu=cortex-m3 -mthumb -mfloat-abi=soft -L"C:\Ac6\SystemWorkbench\/../CMSIS/Lib/GCC" -L"\pack\2.1.14\Libraries\CMS IS\Lib\GCC" -specs=nosys.specs -specs=nano.specs -T"../STM32F103C8Tx_FLASH.ld" -Wl,-Map=output.map -Wl,--gc-sections -o "PWM.elf" @"objects.list"   -lm
Finished building target: PWM.elf
 
make --no-print-directory post-build
Generating hex and Printing size information:
arm-none-eabi-objcopy -O ihex "PWM.elf" "PWM.hex"
arm-none-eabi-size "PWM.elf"
   text	   data	    bss	    dec	    hex	filename
  12296	     32	   2000	  14328	   37f8	PWM.elf
 
14:16:13 **** Incremental Build of configuration Debug for project PWM ****
make all 
make: Nothing to be done for 'all'.
14:16:33 **** Incremental Build of configuration Debug for project PWM ****
make all 
make: Nothing to be done for 'all'.
14:16:46 **** Incremental Build of configuration Debug for project PWM ****
make all 
make: Nothing to be done for 'all'.
14:17:02 **** Incremental Build of configuration Debug for project PWM ****
make all 
make: Nothing to be done for 'all'.
14:20:12 **** Incremental Build of configuration Debug for project PWM ****
make all 
Building file: ../Src/main.c
Invoking: MCU GCC Compiler
C:\Users\D203-02\Project\Reflow-Oven\STM32\PWM\Debug
arm-none-eabi-gcc -mcpu=cortex-m3 -mthumb -mfloat-abi=soft '-D__weak=__attribute__((weak))' -D__FPU_PRESENT '-D__packed="__attribute__((__packed__))"' -DUSE_HAL_DRIVER -DSTM32F103xB '-D__weak=__attribute__((weak))' '-D__packed=__attribute__((__packed__))' -DARM_MATH_CM4 -I"C:/Users/D203-02/Project/Reflow-Oven/STM32/PWM/Inc" -I"C:/Users/D203-02/Project/Reflow-Oven/STM32/PWM/Drivers/STM32F1xx_HAL_Driver/Inc" -I"C:/Users/D203-02/Project/Reflow-Oven/STM32/PWM/Drivers/STM32F1xx_HAL_Driver/Inc/Legacy" -I"C:/Users/D203-02/Project/Reflow-Oven/STM32/PWM/Drivers/CMSIS/Device/ST/STM32F1xx/Include" -I"C:/Users/D203-02/Project/Reflow-Oven/STM32/PWM/Drivers/CMSIS/Include"  -Og -g3 -Wall -fmessage-length=0 -ffunction-sections -c -fmessage-length=0 -MMD -MP -MF"Src/main.d" -MT"Src/main.o" -o "Src/main.o" "../Src/main.c"
<command-line>:0:0: warning: "__packed" redefined
<command-line>:0:0: note: this is the location of the previous definition
../Src/main.c:92:13: warning: 'userDefinePulseWidth' declared 'static' but never defined [-Wunused-function]
 static void userDefinePulseWidth(int *numOfUnits,int *data);
             ^~~~~~~~~~~~~~~~~~~~
Finished building: ../Src/main.c
 
Building target: PWM.elf
Invoking: MCU GCC Linker
arm-none-eabi-gcc -mcpu=cortex-m3 -mthumb -mfloat-abi=soft -L"C:\Ac6\SystemWorkbench\/../CMSIS/Lib/GCC" -L"\pack\2.1.14\Libraries\CMS IS\Lib\GCC" -specs=nosys.specs -specs=nano.specs -T"../STM32F103C8Tx_FLASH.ld" -Wl,-Map=output.map -Wl,--gc-sections -o "PWM.elf" @"objects.list"   -lm
Finished building target: PWM.elf
 
make --no-print-directory post-build
Generating hex and Printing size information:
arm-none-eabi-objcopy -O ihex "PWM.elf" "PWM.hex"
arm-none-eabi-size "PWM.elf"
   text	   data	    bss	    dec	    hex	filename
  12296	     32	   2000	  14328	   37f8	PWM.elf
 
14:25:19 **** Incremental Build of configuration Debug for project PWM ****
make all 
Building file: ../Src/main.c
Invoking: MCU GCC Compiler
C:\Users\D203-02\Project\Reflow-Oven\STM32\PWM\Debug
arm-none-eabi-gcc -mcpu=cortex-m3 -mthumb -mfloat-abi=soft '-D__weak=__attribute__((weak))' -D__FPU_PRESENT '-D__packed="__attribute__((__packed__))"' -DUSE_HAL_DRIVER -DSTM32F103xB '-D__weak=__attribute__((weak))' '-D__packed=__attribute__((__packed__))' -DARM_MATH_CM4 -I"C:/Users/D203-02/Project/Reflow-Oven/STM32/PWM/Inc" -I"C:/Users/D203-02/Project/Reflow-Oven/STM32/PWM/Drivers/STM32F1xx_HAL_Driver/Inc" -I"C:/Users/D203-02/Project/Reflow-Oven/STM32/PWM/Drivers/STM32F1xx_HAL_Driver/Inc/Legacy" -I"C:/Users/D203-02/Project/Reflow-Oven/STM32/PWM/Drivers/CMSIS/Device/ST/STM32F1xx/Include" -I"C:/Users/D203-02/Project/Reflow-Oven/STM32/PWM/Drivers/CMSIS/Include"  -Og -g3 -Wall -fmessage-length=0 -ffunction-sections -c -fmessage-length=0 -MMD -MP -MF"Src/main.d" -MT"Src/main.o" -o "Src/main.o" "../Src/main.c"
<command-line>:0:0: warning: "__packed" redefined
<command-line>:0:0: note: this is the location of the previous definition
../Src/main.c:92:13: warning: 'userDefinePulseWidth' declared 'static' but never defined [-Wunused-function]
 static void userDefinePulseWidth(int *numOfUnits,int *data);
             ^~~~~~~~~~~~~~~~~~~~
Finished building: ../Src/main.c
 
Building target: PWM.elf
Invoking: MCU GCC Linker
arm-none-eabi-gcc -mcpu=cortex-m3 -mthumb -mfloat-abi=soft -L"C:\Ac6\SystemWorkbench\/../CMSIS/Lib/GCC" -L"\pack\2.1.14\Libraries\CMS IS\Lib\GCC" -specs=nosys.specs -specs=nano.specs -T"../STM32F103C8Tx_FLASH.ld" -Wl,-Map=output.map -Wl,--gc-sections -o "PWM.elf" @"objects.list"   -lm
Finished building target: PWM.elf
 
make --no-print-directory post-build
Generating hex and Printing size information:
arm-none-eabi-objcopy -O ihex "PWM.elf" "PWM.hex"
arm-none-eabi-size "PWM.elf"
   text	   data	    bss	    dec	    hex	filename
  12240	     32	   2000	  14272	   37c0	PWM.elf
 
14:26:20 **** Incremental Build of configuration Debug for project PWM ****
make all 
Building file: ../Src/main.c
Invoking: MCU GCC Compiler
C:\Users\D203-02\Project\Reflow-Oven\STM32\PWM\Debug
arm-none-eabi-gcc -mcpu=cortex-m3 -mthumb -mfloat-abi=soft '-D__weak=__attribute__((weak))' -D__FPU_PRESENT '-D__packed="__attribute__((__packed__))"' -DUSE_HAL_DRIVER -DSTM32F103xB '-D__weak=__attribute__((weak))' '-D__packed=__attribute__((__packed__))' -DARM_MATH_CM4 -I"C:/Users/D203-02/Project/Reflow-Oven/STM32/PWM/Inc" -I"C:/Users/D203-02/Project/Reflow-Oven/STM32/PWM/Drivers/STM32F1xx_HAL_Driver/Inc" -I"C:/Users/D203-02/Project/Reflow-Oven/STM32/PWM/Drivers/STM32F1xx_HAL_Driver/Inc/Legacy" -I"C:/Users/D203-02/Project/Reflow-Oven/STM32/PWM/Drivers/CMSIS/Device/ST/STM32F1xx/Include" -I"C:/Users/D203-02/Project/Reflow-Oven/STM32/PWM/Drivers/CMSIS/Include"  -Og -g3 -Wall -fmessage-length=0 -ffunction-sections -c -fmessage-length=0 -MMD -MP -MF"Src/main.d" -MT"Src/main.o" -o "Src/main.o" "../Src/main.c"
<command-line>:0:0: warning: "__packed" redefined
<command-line>:0:0: note: this is the location of the previous definition
../Src/main.c:92:13: warning: 'userDefinePulseWidth' declared 'static' but never defined [-Wunused-function]
 static void userDefinePulseWidth(int *numOfUnits,int *data);
             ^~~~~~~~~~~~~~~~~~~~
Finished building: ../Src/main.c
 
Building target: PWM.elf
Invoking: MCU GCC Linker
arm-none-eabi-gcc -mcpu=cortex-m3 -mthumb -mfloat-abi=soft -L"C:\Ac6\SystemWorkbench\/../CMSIS/Lib/GCC" -L"\pack\2.1.14\Libraries\CMS IS\Lib\GCC" -specs=nosys.specs -specs=nano.specs -T"../STM32F103C8Tx_FLASH.ld" -Wl,-Map=output.map -Wl,--gc-sections -o "PWM.elf" @"objects.list"   -lm
Finished building target: PWM.elf
 
make --no-print-directory post-build
Generating hex and Printing size information:
arm-none-eabi-objcopy -O ihex "PWM.elf" "PWM.hex"
arm-none-eabi-size "PWM.elf"
   text	   data	    bss	    dec	    hex	filename
  12240	     32	   2000	  14272	   37c0	PWM.elf
 
14:34:27 **** Incremental Build of configuration Debug for project PWM ****
make all 
Building file: ../Src/main.c
Invoking: MCU GCC Compiler
C:\Users\D203-02\Project\Reflow-Oven\STM32\PWM\Debug
arm-none-eabi-gcc -mcpu=cortex-m3 -mthumb -mfloat-abi=soft '-D__weak=__attribute__((weak))' -D__FPU_PRESENT '-D__packed="__attribute__((__packed__))"' -DUSE_HAL_DRIVER -DSTM32F103xB '-D__weak=__attribute__((weak))' '-D__packed=__attribute__((__packed__))' -DARM_MATH_CM4 -I"C:/Users/D203-02/Project/Reflow-Oven/STM32/PWM/Inc" -I"C:/Users/D203-02/Project/Reflow-Oven/STM32/PWM/Drivers/STM32F1xx_HAL_Driver/Inc" -I"C:/Users/D203-02/Project/Reflow-Oven/STM32/PWM/Drivers/STM32F1xx_HAL_Driver/Inc/Legacy" -I"C:/Users/D203-02/Project/Reflow-Oven/STM32/PWM/Drivers/CMSIS/Device/ST/STM32F1xx/Include" -I"C:/Users/D203-02/Project/Reflow-Oven/STM32/PWM/Drivers/CMSIS/Include"  -Og -g3 -Wall -fmessage-length=0 -ffunction-sections -c -fmessage-length=0 -MMD -MP -MF"Src/main.d" -MT"Src/main.o" -o "Src/main.o" "../Src/main.c"
<command-line>:0:0: warning: "__packed" redefined
<command-line>:0:0: note: this is the location of the previous definition
../Src/main.c:92:13: warning: 'userDefinePulseWidth' declared 'static' but never defined [-Wunused-function]
 static void userDefinePulseWidth(int *numOfUnits,int *data);
             ^~~~~~~~~~~~~~~~~~~~
Finished building: ../Src/main.c
 
Building target: PWM.elf
Invoking: MCU GCC Linker
arm-none-eabi-gcc -mcpu=cortex-m3 -mthumb -mfloat-abi=soft -L"C:\Ac6\SystemWorkbench\/../CMSIS/Lib/GCC" -L"\pack\2.1.14\Libraries\CMS IS\Lib\GCC" -specs=nosys.specs -specs=nano.specs -T"../STM32F103C8Tx_FLASH.ld" -Wl,-Map=output.map -Wl,--gc-sections -o "PWM.elf" @"objects.list"   -lm
Finished building target: PWM.elf
 
make --no-print-directory post-build
Generating hex and Printing size information:
arm-none-eabi-objcopy -O ihex "PWM.elf" "PWM.hex"
arm-none-eabi-size "PWM.elf"
   text	   data	    bss	    dec	    hex	filename
  12240	     32	   2000	  14272	   37c0	PWM.elf
 
15:03:51 **** Incremental Build of configuration Debug for project PWM ****
make all 
Building file: ../Src/main.c
Invoking: MCU GCC Compiler
C:\Users\D203-02\Project\Reflow-Oven\STM32\PWM\Debug
arm-none-eabi-gcc -mcpu=cortex-m3 -mthumb -mfloat-abi=soft '-D__weak=__attribute__((weak))' -D__FPU_PRESENT '-D__packed="__attribute__((__packed__))"' -DUSE_HAL_DRIVER -DSTM32F103xB '-D__weak=__attribute__((weak))' '-D__packed=__attribute__((__packed__))' -DARM_MATH_CM4 -I"C:/Users/D203-02/Project/Reflow-Oven/STM32/PWM/Inc" -I"C:/Users/D203-02/Project/Reflow-Oven/STM32/PWM/Drivers/STM32F1xx_HAL_Driver/Inc" -I"C:/Users/D203-02/Project/Reflow-Oven/STM32/PWM/Drivers/STM32F1xx_HAL_Driver/Inc/Legacy" -I"C:/Users/D203-02/Project/Reflow-Oven/STM32/PWM/Drivers/CMSIS/Device/ST/STM32F1xx/Include" -I"C:/Users/D203-02/Project/Reflow-Oven/STM32/PWM/Drivers/CMSIS/Include"  -Og -g3 -Wall -fmessage-length=0 -ffunction-sections -c -fmessage-length=0 -MMD -MP -MF"Src/main.d" -MT"Src/main.o" -o "Src/main.o" "../Src/main.c"
<command-line>:0:0: warning: "__packed" redefined
<command-line>:0:0: note: this is the location of the previous definition
../Src/main.c:92:13: warning: 'userDefinePulseWidth' declared 'static' but never defined [-Wunused-function]
 static void userDefinePulseWidth(int *numOfUnits,int *data);
             ^~~~~~~~~~~~~~~~~~~~
Finished building: ../Src/main.c
 
Building target: PWM.elf
Invoking: MCU GCC Linker
arm-none-eabi-gcc -mcpu=cortex-m3 -mthumb -mfloat-abi=soft -L"C:\Ac6\SystemWorkbench\/../CMSIS/Lib/GCC" -L"\pack\2.1.14\Libraries\CMS IS\Lib\GCC" -specs=nosys.specs -specs=nano.specs -T"../STM32F103C8Tx_FLASH.ld" -Wl,-Map=output.map -Wl,--gc-sections -o "PWM.elf" @"objects.list"   -lm
c:/ac6/systemworkbench/plugins/fr.ac6.mcu.externaltools.arm-none.win32_1.15.0.201708311556/tools/compiler/bin/../lib/gcc/arm-none-eabi/6.3.1/../../../../arm-none-eabi/bin/ld.exe: final link failed: No space left on device
collect2.exe: error: ld returned 1 exit status
make: *** [PWM.elf] Error 1
makefile:35: recipe for target 'PWM.elf' failed
15:04:06 **** Incremental Build of configuration Debug for project PWM ****
make all 
Building target: PWM.elf
Invoking: MCU GCC Linker
arm-none-eabi-gcc -mcpu=cortex-m3 -mthumb -mfloat-abi=soft -L"C:\Ac6\SystemWorkbench\/../CMSIS/Lib/GCC" -L"\pack\2.1.14\Libraries\CMS IS\Lib\GCC" -specs=nosys.specs -specs=nano.specs -T"../STM32F103C8Tx_FLASH.ld" -Wl,-Map=output.map -Wl,--gc-sections -o "PWM.elf" @"objects.list"   -lm
Finished building target: PWM.elf
 
make --no-print-directory post-build
Generating hex and Printing size information:
arm-none-eabi-objcopy -O ihex "PWM.elf" "PWM.hex"
arm-none-eabi-size "PWM.elf"
   text	   data	    bss	    dec	    hex	filename
  12240	     32	   2000	  14272	   37c0	PWM.elf
 
15:07:52 **** Incremental Build of configuration Debug for project PWM ****
make all 
Building file: ../Src/main.c
Invoking: MCU GCC Compiler
C:\Users\D203-02\Project\Reflow-Oven\STM32\PWM\Debug
arm-none-eabi-gcc -mcpu=cortex-m3 -mthumb -mfloat-abi=soft '-D__weak=__attribute__((weak))' -D__FPU_PRESENT '-D__packed="__attribute__((__packed__))"' -DUSE_HAL_DRIVER -DSTM32F103xB '-D__weak=__attribute__((weak))' '-D__packed=__attribute__((__packed__))' -DARM_MATH_CM4 -I"C:/Users/D203-02/Project/Reflow-Oven/STM32/PWM/Inc" -I"C:/Users/D203-02/Project/Reflow-Oven/STM32/PWM/Drivers/STM32F1xx_HAL_Driver/Inc" -I"C:/Users/D203-02/Project/Reflow-Oven/STM32/PWM/Drivers/STM32F1xx_HAL_Driver/Inc/Legacy" -I"C:/Users/D203-02/Project/Reflow-Oven/STM32/PWM/Drivers/CMSIS/Device/ST/STM32F1xx/Include" -I"C:/Users/D203-02/Project/Reflow-Oven/STM32/PWM/Drivers/CMSIS/Include"  -Og -g3 -Wall -fmessage-length=0 -ffunction-sections -c -fmessage-length=0 -MMD -MP -MF"Src/main.d" -MT"Src/main.o" -o "Src/main.o" "../Src/main.c"
<command-line>:0:0: warning: "__packed" redefined
<command-line>:0:0: note: this is the location of the previous definition
../Src/main.c:92:13: warning: 'userDefinePulseWidth' declared 'static' but never defined [-Wunused-function]
 static void userDefinePulseWidth(int *numOfUnits,int *data);
             ^~~~~~~~~~~~~~~~~~~~
Finished building: ../Src/main.c
 
Building target: PWM.elf
Invoking: MCU GCC Linker
arm-none-eabi-gcc -mcpu=cortex-m3 -mthumb -mfloat-abi=soft -L"C:\Ac6\SystemWorkbench\/../CMSIS/Lib/GCC" -L"\pack\2.1.14\Libraries\CMS IS\Lib\GCC" -specs=nosys.specs -specs=nano.specs -T"../STM32F103C8Tx_FLASH.ld" -Wl,-Map=output.map -Wl,--gc-sections -o "PWM.elf" @"objects.list"   -lm
Finished building target: PWM.elf
 
make --no-print-directory post-build
Generating hex and Printing size information:
arm-none-eabi-objcopy -O ihex "PWM.elf" "PWM.hex"
arm-none-eabi-size "PWM.elf"
   text	   data	    bss	    dec	    hex	filename
  12240	     32	   2000	  14272	   37c0	PWM.elf
 
15:09:05 **** Incremental Build of configuration Debug for project PWM ****
make all 
Building file: ../Src/main.c
Invoking: MCU GCC Compiler
C:\Users\D203-02\Project\Reflow-Oven\STM32\PWM\Debug
arm-none-eabi-gcc -mcpu=cortex-m3 -mthumb -mfloat-abi=soft '-D__weak=__attribute__((weak))' -D__FPU_PRESENT '-D__packed="__attribute__((__packed__))"' -DUSE_HAL_DRIVER -DSTM32F103xB '-D__weak=__attribute__((weak))' '-D__packed=__attribute__((__packed__))' -DARM_MATH_CM4 -I"C:/Users/D203-02/Project/Reflow-Oven/STM32/PWM/Inc" -I"C:/Users/D203-02/Project/Reflow-Oven/STM32/PWM/Drivers/STM32F1xx_HAL_Driver/Inc" -I"C:/Users/D203-02/Project/Reflow-Oven/STM32/PWM/Drivers/STM32F1xx_HAL_Driver/Inc/Legacy" -I"C:/Users/D203-02/Project/Reflow-Oven/STM32/PWM/Drivers/CMSIS/Device/ST/STM32F1xx/Include" -I"C:/Users/D203-02/Project/Reflow-Oven/STM32/PWM/Drivers/CMSIS/Include"  -Og -g3 -Wall -fmessage-length=0 -ffunction-sections -c -fmessage-length=0 -MMD -MP -MF"Src/main.d" -MT"Src/main.o" -o "Src/main.o" "../Src/main.c"
<command-line>:0:0: warning: "__packed" redefined
<command-line>:0:0: note: this is the location of the previous definition
../Src/main.c:92:13: warning: 'userDefinePulseWidth' declared 'static' but never defined [-Wunused-function]
 static void userDefinePulseWidth(int *numOfUnits,int *data);
             ^~~~~~~~~~~~~~~~~~~~
Finished building: ../Src/main.c
 
Building target: PWM.elf
Invoking: MCU GCC Linker
arm-none-eabi-gcc -mcpu=cortex-m3 -mthumb -mfloat-abi=soft -L"C:\Ac6\SystemWorkbench\/../CMSIS/Lib/GCC" -L"\pack\2.1.14\Libraries\CMS IS\Lib\GCC" -specs=nosys.specs -specs=nano.specs -T"../STM32F103C8Tx_FLASH.ld" -Wl,-Map=output.map -Wl,--gc-sections -o "PWM.elf" @"objects.list"   -lm
c:/ac6/systemworkbench/plugins/fr.ac6.mcu.externaltools.arm-none.win32_1.15.0.201708311556/tools/compiler/bin/../lib/gcc/arm-none-eabi/6.3.1/../../../../arm-none-eabi/bin/ld.exe: final link failed: No space left on device
collect2.exe: error: ld returned 1 exit status
makefile:35: recipe for target 'PWM.elf' failed
make: *** [PWM.elf] Error 1
15:09:11 **** Incremental Build of configuration Debug for project PWM ****
make all 
Building target: PWM.elf
Invoking: MCU GCC Linker
arm-none-eabi-gcc -mcpu=cortex-m3 -mthumb -mfloat-abi=soft -L"C:\Ac6\SystemWorkbench\/../CMSIS/Lib/GCC" -L"\pack\2.1.14\Libraries\CMS IS\Lib\GCC" -specs=nosys.specs -specs=nano.specs -T"../STM32F103C8Tx_FLASH.ld" -Wl,-Map=output.map -Wl,--gc-sections -o "PWM.elf" @"objects.list"   -lm
c:/ac6/systemworkbench/plugins/fr.ac6.mcu.externaltools.arm-none.win32_1.15.0.201708311556/tools/compiler/bin/../lib/gcc/arm-none-eabi/6.3.1/../../../../arm-none-eabi/bin/ld.exe: final link failed: No space left on device
collect2.exe: error: ld returned 1 exit status
make: *** [PWM.elf] Error 1
makefile:35: recipe for target 'PWM.elf' failed
15:09:19 **** Incremental Build of configuration Debug for project PWM ****
make all 
Building target: PWM.elf
Invoking: MCU GCC Linker
arm-none-eabi-gcc -mcpu=cortex-m3 -mthumb -mfloat-abi=soft -L"C:\Ac6\SystemWorkbench\/../CMSIS/Lib/GCC" -L"\pack\2.1.14\Libraries\CMS IS\Lib\GCC" -specs=nosys.specs -specs=nano.specs -T"../STM32F103C8Tx_FLASH.ld" -Wl,-Map=output.map -Wl,--gc-sections -o "PWM.elf" @"objects.list"   -lm
Finished building target: PWM.elf
 
make --no-print-directory post-build
Generating hex and Printing size information:
arm-none-eabi-objcopy -O ihex "PWM.elf" "PWM.hex"
arm-none-eabi-size "PWM.elf"
   text	   data	    bss	    dec	    hex	filename
  12240	     32	   2000	  14272	   37c0	PWM.elf
 
15:14:50 **** Incremental Build of configuration Debug for project PWM ****
make all 
Building file: ../Src/main.c
Invoking: MCU GCC Compiler
C:\Users\D203-02\Project\Reflow-Oven\STM32\PWM\Debug
arm-none-eabi-gcc -mcpu=cortex-m3 -mthumb -mfloat-abi=soft '-D__weak=__attribute__((weak))' -D__FPU_PRESENT '-D__packed="__attribute__((__packed__))"' -DUSE_HAL_DRIVER -DSTM32F103xB '-D__weak=__attribute__((weak))' '-D__packed=__attribute__((__packed__))' -DARM_MATH_CM4 -I"C:/Users/D203-02/Project/Reflow-Oven/STM32/PWM/Inc" -I"C:/Users/D203-02/Project/Reflow-Oven/STM32/PWM/Drivers/STM32F1xx_HAL_Driver/Inc" -I"C:/Users/D203-02/Project/Reflow-Oven/STM32/PWM/Drivers/STM32F1xx_HAL_Driver/Inc/Legacy" -I"C:/Users/D203-02/Project/Reflow-Oven/STM32/PWM/Drivers/CMSIS/Device/ST/STM32F1xx/Include" -I"C:/Users/D203-02/Project/Reflow-Oven/STM32/PWM/Drivers/CMSIS/Include"  -Og -g3 -Wall -fmessage-length=0 -ffunction-sections -c -fmessage-length=0 -MMD -MP -MF"Src/main.d" -MT"Src/main.o" -o "Src/main.o" "../Src/main.c"
<command-line>:0:0: warning: "__packed" redefined
<command-line>:0:0: note: this is the location of the previous definition
../Src/main.c:92:13: warning: 'userDefinePulseWidth' declared 'static' but never defined [-Wunused-function]
 static void userDefinePulseWidth(int *numOfUnits,int *data);
             ^~~~~~~~~~~~~~~~~~~~
Finished building: ../Src/main.c
 
Building target: PWM.elf
Invoking: MCU GCC Linker
arm-none-eabi-gcc -mcpu=cortex-m3 -mthumb -mfloat-abi=soft -L"C:\Ac6\SystemWorkbench\/../CMSIS/Lib/GCC" -L"\pack\2.1.14\Libraries\CMS IS\Lib\GCC" -specs=nosys.specs -specs=nano.specs -T"../STM32F103C8Tx_FLASH.ld" -Wl,-Map=output.map -Wl,--gc-sections -o "PWM.elf" @"objects.list"   -lm
c:/ac6/systemworkbench/plugins/fr.ac6.mcu.externaltools.arm-none.win32_1.15.0.201708311556/tools/compiler/bin/../lib/gcc/arm-none-eabi/6.3.1/../../../../arm-none-eabi/bin/ld.exe: final link failed: No space left on device
collect2.exe: error: ld returned 1 exit status
make: *** [PWM.elf] Error 1
makefile:35: recipe for target 'PWM.elf' failed
15:15:00 **** Incremental Build of configuration Debug for project PWM ****
make all 
Building target: PWM.elf
Invoking: MCU GCC Linker
arm-none-eabi-gcc -mcpu=cortex-m3 -mthumb -mfloat-abi=soft -L"C:\Ac6\SystemWorkbench\/../CMSIS/Lib/GCC" -L"\pack\2.1.14\Libraries\CMS IS\Lib\GCC" -specs=nosys.specs -specs=nano.specs -T"../STM32F103C8Tx_FLASH.ld" -Wl,-Map=output.map -Wl,--gc-sections -o "PWM.elf" @"objects.list"   -lm
Finished building target: PWM.elf
 
make --no-print-directory post-build
Generating hex and Printing size information:
arm-none-eabi-objcopy -O ihex "PWM.elf" "PWM.hex"
arm-none-eabi-size "PWM.elf"
   text	   data	    bss	    dec	    hex	filename
  12240	     32	   2000	  14272	   37c0	PWM.elf
 
15:19:38 **** Incremental Build of configuration Debug for project PWM ****
make all 
Building file: ../Src/main.c
Invoking: MCU GCC Compiler
C:\Users\D203-02\Project\Reflow-Oven\STM32\PWM\Debug
arm-none-eabi-gcc -mcpu=cortex-m3 -mthumb -mfloat-abi=soft '-D__weak=__attribute__((weak))' -D__FPU_PRESENT '-D__packed="__attribute__((__packed__))"' -DUSE_HAL_DRIVER -DSTM32F103xB '-D__weak=__attribute__((weak))' '-D__packed=__attribute__((__packed__))' -DARM_MATH_CM4 -I"C:/Users/D203-02/Project/Reflow-Oven/STM32/PWM/Inc" -I"C:/Users/D203-02/Project/Reflow-Oven/STM32/PWM/Drivers/STM32F1xx_HAL_Driver/Inc" -I"C:/Users/D203-02/Project/Reflow-Oven/STM32/PWM/Drivers/STM32F1xx_HAL_Driver/Inc/Legacy" -I"C:/Users/D203-02/Project/Reflow-Oven/STM32/PWM/Drivers/CMSIS/Device/ST/STM32F1xx/Include" -I"C:/Users/D203-02/Project/Reflow-Oven/STM32/PWM/Drivers/CMSIS/Include"  -Og -g3 -Wall -fmessage-length=0 -ffunction-sections -c -fmessage-length=0 -MMD -MP -MF"Src/main.d" -MT"Src/main.o" -o "Src/main.o" "../Src/main.c"
<command-line>:0:0: warning: "__packed" redefined
<command-line>:0:0: note: this is the location of the previous definition
../Src/main.c:92:13: warning: 'userDefinePulseWidth' declared 'static' but never defined [-Wunused-function]
 static void userDefinePulseWidth(int *numOfUnits,int *data);
             ^~~~~~~~~~~~~~~~~~~~
Finished building: ../Src/main.c
 
Building target: PWM.elf
Invoking: MCU GCC Linker
arm-none-eabi-gcc -mcpu=cortex-m3 -mthumb -mfloat-abi=soft -L"C:\Ac6\SystemWorkbench\/../CMSIS/Lib/GCC" -L"\pack\2.1.14\Libraries\CMS IS\Lib\GCC" -specs=nosys.specs -specs=nano.specs -T"../STM32F103C8Tx_FLASH.ld" -Wl,-Map=output.map -Wl,--gc-sections -o "PWM.elf" @"objects.list"   -lm
Finished building target: PWM.elf
 
make --no-print-directory post-build
Generating hex and Printing size information:
arm-none-eabi-objcopy -O ihex "PWM.elf" "PWM.hex"
arm-none-eabi-size "PWM.elf"
   text	   data	    bss	    dec	    hex	filename
  12240	     32	   2000	  14272	   37c0	PWM.elf
 
15:27:00 **** Incremental Build of configuration Debug for project PWM ****
make all 
Building file: ../Src/main.c
Invoking: MCU GCC Compiler
C:\Users\D203-02\Project\Reflow-Oven\STM32\PWM\Debug
arm-none-eabi-gcc -mcpu=cortex-m3 -mthumb -mfloat-abi=soft '-D__weak=__attribute__((weak))' -D__FPU_PRESENT '-D__packed="__attribute__((__packed__))"' -DUSE_HAL_DRIVER -DSTM32F103xB '-D__weak=__attribute__((weak))' '-D__packed=__attribute__((__packed__))' -DARM_MATH_CM4 -I"C:/Users/D203-02/Project/Reflow-Oven/STM32/PWM/Inc" -I"C:/Users/D203-02/Project/Reflow-Oven/STM32/PWM/Drivers/STM32F1xx_HAL_Driver/Inc" -I"C:/Users/D203-02/Project/Reflow-Oven/STM32/PWM/Drivers/STM32F1xx_HAL_Driver/Inc/Legacy" -I"C:/Users/D203-02/Project/Reflow-Oven/STM32/PWM/Drivers/CMSIS/Device/ST/STM32F1xx/Include" -I"C:/Users/D203-02/Project/Reflow-Oven/STM32/PWM/Drivers/CMSIS/Include"  -Og -g3 -Wall -fmessage-length=0 -ffunction-sections -c -fmessage-length=0 -MMD -MP -MF"Src/main.d" -MT"Src/main.o" -o "Src/main.o" "../Src/main.c"
<command-line>:0:0: warning: "__packed" redefined
<command-line>:0:0: note: this is the location of the previous definition
../Src/main.c:92:13: warning: 'userDefinePulseWidth' declared 'static' but never defined [-Wunused-function]
 static void userDefinePulseWidth(int *numOfUnits,int *data);
             ^~~~~~~~~~~~~~~~~~~~
Finished building: ../Src/main.c
 
Building target: PWM.elf
Invoking: MCU GCC Linker
arm-none-eabi-gcc -mcpu=cortex-m3 -mthumb -mfloat-abi=soft -L"C:\Ac6\SystemWorkbench\/../CMSIS/Lib/GCC" -L"\pack\2.1.14\Libraries\CMS IS\Lib\GCC" -specs=nosys.specs -specs=nano.specs -T"../STM32F103C8Tx_FLASH.ld" -Wl,-Map=output.map -Wl,--gc-sections -o "PWM.elf" @"objects.list"   -lm
c:/ac6/systemworkbench/plugins/fr.ac6.mcu.externaltools.arm-none.win32_1.15.0.201708311556/tools/compiler/bin/../lib/gcc/arm-none-eabi/6.3.1/../../../../arm-none-eabi/bin/ld.exe: final link failed: No space left on device
collect2.exe: error: ld returned 1 exit status
makefile:35: recipe for target 'PWM.elf' failed
make: *** [PWM.elf] Error 1
15:27:06 **** Incremental Build of configuration Debug for project PWM ****
make all 
Building target: PWM.elf
Invoking: MCU GCC Linker
arm-none-eabi-gcc -mcpu=cortex-m3 -mthumb -mfloat-abi=soft -L"C:\Ac6\SystemWorkbench\/../CMSIS/Lib/GCC" -L"\pack\2.1.14\Libraries\CMS IS\Lib\GCC" -specs=nosys.specs -specs=nano.specs -T"../STM32F103C8Tx_FLASH.ld" -Wl,-Map=output.map -Wl,--gc-sections -o "PWM.elf" @"objects.list"   -lm
c:/ac6/systemworkbench/plugins/fr.ac6.mcu.externaltools.arm-none.win32_1.15.0.201708311556/tools/compiler/bin/../lib/gcc/arm-none-eabi/6.3.1/../../../../arm-none-eabi/bin/ld.exe: final link failed: No space left on device
collect2.exe: error: ld returned 1 exit status
makefile:35: recipe for target 'PWM.elf' failed
make: *** [PWM.elf] Error 1
15:27:10 **** Incremental Build of configuration Debug for project PWM ****
make all 
Building target: PWM.elf
Invoking: MCU GCC Linker
arm-none-eabi-gcc -mcpu=cortex-m3 -mthumb -mfloat-abi=soft -L"C:\Ac6\SystemWorkbench\/../CMSIS/Lib/GCC" -L"\pack\2.1.14\Libraries\CMS IS\Lib\GCC" -specs=nosys.specs -specs=nano.specs -T"../STM32F103C8Tx_FLASH.ld" -Wl,-Map=output.map -Wl,--gc-sections -o "PWM.elf" @"objects.list"   -lm
c:/ac6/systemworkbench/plugins/fr.ac6.mcu.externaltools.arm-none.win32_1.15.0.201708311556/tools/compiler/bin/../lib/gcc/arm-none-eabi/6.3.1/../../../../arm-none-eabi/bin/ld.exe: final link failed: No space left on device
collect2.exe: error: ld returned 1 exit status
makefile:35: recipe for target 'PWM.elf' failed
make: *** [PWM.elf] Error 1
15:27:22 **** Incremental Build of configuration Debug for project PWM ****
make all 
Building target: PWM.elf
Invoking: MCU GCC Linker
arm-none-eabi-gcc -mcpu=cortex-m3 -mthumb -mfloat-abi=soft -L"C:\Ac6\SystemWorkbench\/../CMSIS/Lib/GCC" -L"\pack\2.1.14\Libraries\CMS IS\Lib\GCC" -specs=nosys.specs -specs=nano.specs -T"../STM32F103C8Tx_FLASH.ld" -Wl,-Map=output.map -Wl,--gc-sections -o "PWM.elf" @"objects.list"   -lm
c:/ac6/systemworkbench/plugins/fr.ac6.mcu.externaltools.arm-none.win32_1.15.0.201708311556/tools/compiler/bin/../lib/gcc/arm-none-eabi/6.3.1/../../../../arm-none-eabi/bin/ld.exe: final link failed: No space left on device
collect2.exe: error: ld returned 1 exit status
makefile:35: recipe for target 'PWM.elf' failed
make: *** [PWM.elf] Error 1
15:27:33 **** Incremental Build of configuration Debug for project PWM ****
make all 
Building target: PWM.elf
Invoking: MCU GCC Linker
arm-none-eabi-gcc -mcpu=cortex-m3 -mthumb -mfloat-abi=soft -L"C:\Ac6\SystemWorkbench\/../CMSIS/Lib/GCC" -L"\pack\2.1.14\Libraries\CMS IS\Lib\GCC" -specs=nosys.specs -specs=nano.specs -T"../STM32F103C8Tx_FLASH.ld" -Wl,-Map=output.map -Wl,--gc-sections -o "PWM.elf" @"objects.list"   -lm
c:/ac6/systemworkbench/plugins/fr.ac6.mcu.externaltools.arm-none.win32_1.15.0.201708311556/tools/compiler/bin/../lib/gcc/arm-none-eabi/6.3.1/../../../../arm-none-eabi/bin/ld.exe: final link failed: No space left on device
collect2.exe: error: ld returned 1 exit status
makefile:35: recipe for target 'PWM.elf' failed
make: *** [PWM.elf] Error 1
15:27:49 **** Incremental Build of configuration Debug for project PWM ****
make all 
Building target: PWM.elf
Invoking: MCU GCC Linker
arm-none-eabi-gcc -mcpu=cortex-m3 -mthumb -mfloat-abi=soft -L"C:\Ac6\SystemWorkbench\/../CMSIS/Lib/GCC" -L"\pack\2.1.14\Libraries\CMS IS\Lib\GCC" -specs=nosys.specs -specs=nano.specs -T"../STM32F103C8Tx_FLASH.ld" -Wl,-Map=output.map -Wl,--gc-sections -o "PWM.elf" @"objects.list"   -lm
c:/ac6/systemworkbench/plugins/fr.ac6.mcu.externaltools.arm-none.win32_1.15.0.201708311556/tools/compiler/bin/../lib/gcc/arm-none-eabi/6.3.1/../../../../arm-none-eabi/bin/ld.exe: final link failed: No space left on device
collect2.exe: error: ld returned 1 exit status
makefile:35: recipe for target 'PWM.elf' failed
make: *** [PWM.elf] Error 1
15:27:58 **** Incremental Build of configuration Debug for project PWM ****
make all 
Building target: PWM.elf
Invoking: MCU GCC Linker
arm-none-eabi-gcc -mcpu=cortex-m3 -mthumb -mfloat-abi=soft -L"C:\Ac6\SystemWorkbench\/../CMSIS/Lib/GCC" -L"\pack\2.1.14\Libraries\CMS IS\Lib\GCC" -specs=nosys.specs -specs=nano.specs -T"../STM32F103C8Tx_FLASH.ld" -Wl,-Map=output.map -Wl,--gc-sections -o "PWM.elf" @"objects.list"   -lm
c:/ac6/systemworkbench/plugins/fr.ac6.mcu.externaltools.arm-none.win32_1.15.0.201708311556/tools/compiler/bin/../lib/gcc/arm-none-eabi/6.3.1/../../../../arm-none-eabi/bin/ld.exe: final link failed: No space left on device
collect2.exe: error: ld returned 1 exit status
makefile:35: recipe for target 'PWM.elf' failed
make: *** [PWM.elf] Error 1
15:29:09 **** Incremental Build of configuration Debug for project PWM ****
make all 
Building target: PWM.elf
Invoking: MCU GCC Linker
arm-none-eabi-gcc -mcpu=cortex-m3 -mthumb -mfloat-abi=soft -L"C:\Ac6\SystemWorkbench\/../CMSIS/Lib/GCC" -L"\pack\2.1.14\Libraries\CMS IS\Lib\GCC" -specs=nosys.specs -specs=nano.specs -T"../STM32F103C8Tx_FLASH.ld" -Wl,-Map=output.map -Wl,--gc-sections -o "PWM.elf" @"objects.list"   -lm
c:/ac6/systemworkbench/plugins/fr.ac6.mcu.externaltools.arm-none.win32_1.15.0.201708311556/tools/compiler/bin/../lib/gcc/arm-none-eabi/6.3.1/../../../../arm-none-eabi/bin/ld.exe: final link failed: No space left on device
collect2.exe: error: ld returned 1 exit status
makefile:35: recipe for target 'PWM.elf' failed
make: *** [PWM.elf] Error 1
15:29:20 **** Incremental Build of configuration Debug for project PWM ****
make all 
Building target: PWM.elf
Invoking: MCU GCC Linker
arm-none-eabi-gcc -mcpu=cortex-m3 -mthumb -mfloat-abi=soft -L"C:\Ac6\SystemWorkbench\/../CMSIS/Lib/GCC" -L"\pack\2.1.14\Libraries\CMS IS\Lib\GCC" -specs=nosys.specs -specs=nano.specs -T"../STM32F103C8Tx_FLASH.ld" -Wl,-Map=output.map -Wl,--gc-sections -o "PWM.elf" @"objects.list"   -lm
c:/ac6/systemworkbench/plugins/fr.ac6.mcu.externaltools.arm-none.win32_1.15.0.201708311556/tools/compiler/bin/../lib/gcc/arm-none-eabi/6.3.1/../../../../arm-none-eabi/bin/ld.exe: final link failed: No space left on device
collect2.exe: error: ld returned 1 exit status
make: *** [PWM.elf] Error 1
makefile:35: recipe for target 'PWM.elf' failed
